Figwheel: focusing on build-ids (dev)
[0mCompiling "resources/public/js/compiled/threejs_figwheel.js" from ["src"]...
[32mSuccessfully compiled "resources/public/js/compiled/threejs_figwheel.js" in 0.082 seconds.[0m
notifying browser that file changed:  resources/public/js/compiled/out/goog/deps.js
notifying browser that file changed:  resources/public/js/compiled/out/cljs_deps.js
notifying browser that file changed:  /threejs_figwheel/core.js
[0mCompiling "resources/public/js/compiled/threejs_figwheel.js" from ["src"]...
[32mSuccessfully compiled "resources/public/js/compiled/threejs_figwheel.js" in 0.095 seconds.[0m
notifying browser that file changed:  /threejs_figwheel/core.js
[0mCompiling "resources/public/js/compiled/threejs_figwheel.js" from ["src"]...
[32mSuccessfully compiled "resources/public/js/compiled/threejs_figwheel.js" in 0.096 seconds.[0m
notifying browser that file changed:  /threejs_figwheel/core.js
Figwheel: focusing on build-ids (dev)
[0mCompiling "resources/public/js/compiled/threejs_figwheel.js" from ["src"]...
[32mSuccessfully compiled "resources/public/js/compiled/threejs_figwheel.js" in 0.074 seconds.[0m
notifying browser that file changed:  resources/public/js/compiled/out/goog/deps.js
notifying browser that file changed:  resources/public/js/compiled/out/cljs_deps.js
notifying browser that file changed:  /threejs_figwheel/core.js
[0mCompiling "resources/public/js/compiled/threejs_figwheel.js" from ["src"]...
[32mSuccessfully compiled "resources/public/js/compiled/threejs_figwheel.js" in 0.138 seconds.[0m
notifying browser that file changed:  /threejs_figwheel/core.js
[0mCompiling "resources/public/js/compiled/threejs_figwheel.js" from ["src"]...
[32mSuccessfully compiled "resources/public/js/compiled/threejs_figwheel.js" in 0.098 seconds.[0m
notifying browser that file changed:  /threejs_figwheel/core.js
[0mCompiling "resources/public/js/compiled/threejs_figwheel.js" from ["src"]...
[32mSuccessfully compiled "resources/public/js/compiled/threejs_figwheel.js" in 0.106 seconds.[0m
notifying browser that file changed:  /threejs_figwheel/core.js
[0mCompiling "resources/public/js/compiled/threejs_figwheel.js" from ["src"]...
[32mSuccessfully compiled "resources/public/js/compiled/threejs_figwheel.js" in 0.116 seconds.[0m
notifying browser that file changed:  /threejs_figwheel/core.js
[0mCompiling "resources/public/js/compiled/threejs_figwheel.js" from ["src"]...
[31mCompiling "resources/public/js/compiled/threejs_figwheel.js" failed.[0m
ERROR: No reader function for tag FFAABB on file /Users/adam/CODE/projects/0030-Verum/verum-painter-cljs/src/threejs_figwheel/core.cljs, line 44, column 73
[0mCompiling "resources/public/js/compiled/threejs_figwheel.js" from ["src"]...
[31mCompiling "resources/public/js/compiled/threejs_figwheel.js" failed.[0m
ERROR: No reader function for tag FFAABB on file /Users/adam/CODE/projects/0030-Verum/verum-painter-cljs/src/threejs_figwheel/core.cljs, line 44, column 85
[0mCompiling "resources/public/js/compiled/threejs_figwheel.js" from ["src"]...
[32mSuccessfully compiled "resources/public/js/compiled/threejs_figwheel.js" in 0.091 seconds.[0m
notifying browser that file changed:  /threejs_figwheel/core.js
[0mCompiling "resources/public/js/compiled/threejs_figwheel.js" from ["src"]...
[32mSuccessfully compiled "resources/public/js/compiled/threejs_figwheel.js" in 0.097 seconds.[0m
notifying browser that file changed:  /threejs_figwheel/core.js
[0mCompiling "resources/public/js/compiled/threejs_figwheel.js" from ["src"]...
[32mSuccessfully compiled "resources/public/js/compiled/threejs_figwheel.js" in 0.091 seconds.[0m
notifying browser that file changed:  /threejs_figwheel/core.js
[0mCompiling "resources/public/js/compiled/threejs_figwheel.js" from ["src"]...
[32mSuccessfully compiled "resources/public/js/compiled/threejs_figwheel.js" in 0.094 seconds.[0m
notifying browser that file changed:  /threejs_figwheel/core.js
[0mCompiling "resources/public/js/compiled/threejs_figwheel.js" from ["src"]...
[32mSuccessfully compiled "resources/public/js/compiled/threejs_figwheel.js" in 0.089 seconds.[0m
notifying browser that file changed:  /threejs_figwheel/core.js
[0mCompiling "resources/public/js/compiled/threejs_figwheel.js" from ["src"]...
[32mSuccessfully compiled "resources/public/js/compiled/threejs_figwheel.js" in 0.1 seconds.[0m
notifying browser that file changed:  /threejs_figwheel/core.js
[0mCompiling "resources/public/js/compiled/threejs_figwheel.js" from ["src"]...
[32mSuccessfully compiled "resources/public/js/compiled/threejs_figwheel.js" in 0.088 seconds.[0m
notifying browser that file changed:  /threejs_figwheel/core.js
[0mCompiling "resources/public/js/compiled/threejs_figwheel.js" from ["src"]...
[32mSuccessfully compiled "resources/public/js/compiled/threejs_figwheel.js" in 0.1 seconds.[0m
notifying browser that file changed:  /threejs_figwheel/core.js
[0mCompiling "resources/public/js/compiled/threejs_figwheel.js" from ["src"]...
[32mSuccessfully compiled "resources/public/js/compiled/threejs_figwheel.js" in 0.095 seconds.[0m
notifying browser that file changed:  /threejs_figwheel/core.js
[0mCompiling "resources/public/js/compiled/threejs_figwheel.js" from ["src"]...
WARNING: Use of undeclared Var threejs-figwheel.core/matstroke at line 50 src/threejs_figwheel/core.cljs
[32mSuccessfully compiled "resources/public/js/compiled/threejs_figwheel.js" in 0.11 seconds.[0m
notifying browser that file changed:  /threejs_figwheel/core.js
[0mCompiling "resources/public/js/compiled/threejs_figwheel.js" from ["src"]...
[32mSuccessfully compiled "resources/public/js/compiled/threejs_figwheel.js" in 0.092 seconds.[0m
notifying browser that file changed:  /threejs_figwheel/core.js
[0mCompiling "resources/public/js/compiled/threejs_figwheel.js" from ["src"]...
[32mSuccessfully compiled "resources/public/js/compiled/threejs_figwheel.js" in 0.094 seconds.[0m
notifying browser that file changed:  /threejs_figwheel/core.js
[0mCompiling "resources/public/js/compiled/threejs_figwheel.js" from ["src"]...
[32mSuccessfully compiled "resources/public/js/compiled/threejs_figwheel.js" in 0.091 seconds.[0m
notifying browser that file changed:  /threejs_figwheel/core.js
[0mCompiling "resources/public/js/compiled/threejs_figwheel.js" from ["src"]...
[32mSuccessfully compiled "resources/public/js/compiled/threejs_figwheel.js" in 0.089 seconds.[0m
notifying browser that file changed:  /threejs_figwheel/core.js
[0mCompiling "resources/public/js/compiled/threejs_figwheel.js" from ["src"]...
[32mSuccessfully compiled "resources/public/js/compiled/threejs_figwheel.js" in 0.096 seconds.[0m
notifying browser that file changed:  resources/public/js/compiled/out/cljs_deps.js
notifying browser that file changed:  /threejs_figwheel/core.js
[0mCompiling "resources/public/js/compiled/threejs_figwheel.js" from ["src"]...
[32mSuccessfully compiled "resources/public/js/compiled/threejs_figwheel.js" in 0.089 seconds.[0m
notifying browser that file changed:  /threejs_figwheel/core.js
[0mCompiling "resources/public/js/compiled/threejs_figwheel.js" from ["src"]...
[32mSuccessfully compiled "resources/public/js/compiled/threejs_figwheel.js" in 0.089 seconds.[0m
notifying browser that file changed:  /threejs_figwheel/core.js
[0mCompiling "resources/public/js/compiled/threejs_figwheel.js" from ["src"]...
[32mSuccessfully compiled "resources/public/js/compiled/threejs_figwheel.js" in 0.089 seconds.[0m
notifying browser that file changed:  /threejs_figwheel/core.js
[0mCompiling "resources/public/js/compiled/threejs_figwheel.js" from ["src"]...
[32mSuccessfully compiled "resources/public/js/compiled/threejs_figwheel.js" in 0.086 seconds.[0m
notifying browser that file changed:  /threejs_figwheel/core.js
[0mCompiling "resources/public/js/compiled/threejs_figwheel.js" from ["src"]...
[32mSuccessfully compiled "resources/public/js/compiled/threejs_figwheel.js" in 0.14 seconds.[0m
notifying browser that file changed:  /threejs_figwheel/core.js
[0mCompiling "resources/public/js/compiled/threejs_figwheel.js" from ["src"]...
[32mSuccessfully compiled "resources/public/js/compiled/threejs_figwheel.js" in 0.086 seconds.[0m
notifying browser that file changed:  /threejs_figwheel/core.js
[0mCompiling "resources/public/js/compiled/threejs_figwheel.js" from ["src"]...
[32mSuccessfully compiled "resources/public/js/compiled/threejs_figwheel.js" in 0.086 seconds.[0m
notifying browser that file changed:  /threejs_figwheel/core.js
Figwheel: focusing on build-ids (dev)
[0mCompiling "resources/public/js/compiled/threejs_figwheel.js" from ["src"]...
[32mSuccessfully compiled "resources/public/js/compiled/threejs_figwheel.js" in 0.061 seconds.[0m
notifying browser that file changed:  resources/public/js/compiled/out/goog/deps.js
notifying browser that file changed:  resources/public/js/compiled/out/cljs_deps.js
notifying browser that file changed:  /threejs_figwheel/core.js
[0mCompiling "resources/public/js/compiled/threejs_figwheel.js" from ["src"]...
[32mSuccessfully compiled "resources/public/js/compiled/threejs_figwheel.js" in 0.14 seconds.[0m
notifying browser that file changed:  /threejs_figwheel/core.js
[0mCompiling "resources/public/js/compiled/threejs_figwheel.js" from ["src"]...
[32mSuccessfully compiled "resources/public/js/compiled/threejs_figwheel.js" in 9.457 seconds.[0m
notifying browser that file changed:  resources/public/js/compiled/out/cljs_deps.js
notifying browser that file changed:  /threejs_figwheel/core.js
[0mCompiling "resources/public/js/compiled/threejs_figwheel.js" from ["src"]...
[32mSuccessfully compiled "resources/public/js/compiled/threejs_figwheel.js" in 0.134 seconds.[0m
notifying browser that file changed:  resources/public/js/compiled/out/cljs_deps.js
notifying browser that file changed:  /threejs_figwheel/core.js
[0mCompiling "resources/public/js/compiled/threejs_figwheel.js" from ["src"]...
[32mSuccessfully compiled "resources/public/js/compiled/threejs_figwheel.js" in 0.14 seconds.[0m
notifying browser that file changed:  /threejs_figwheel/core.js
[0mCompiling "resources/public/js/compiled/threejs_figwheel.js" from ["src"]...
[32mSuccessfully compiled "resources/public/js/compiled/threejs_figwheel.js" in 0.125 seconds.[0m
notifying browser that file changed:  /threejs_figwheel/core.js
[0mCompiling "resources/public/js/compiled/threejs_figwheel.js" from ["src"]...
WARNING: No such namespace: polx, could not locate polx.cljs, polx.cljc, or Closure namespace "" at line 58 src/threejs_figwheel/core.cljs
WARNING: Use of undeclared Var polx/cog at line 58 src/threejs_figwheel/core.cljs
[32mSuccessfully compiled "resources/public/js/compiled/threejs_figwheel.js" in 0.165 seconds.[0m
notifying browser that file changed:  /threejs_figwheel/core.js
[0mCompiling "resources/public/js/compiled/threejs_figwheel.js" from ["src"]...
[32mSuccessfully compiled "resources/public/js/compiled/threejs_figwheel.js" in 0.138 seconds.[0m
notifying browser that file changed:  /threejs_figwheel/core.js
[0mCompiling "resources/public/js/compiled/threejs_figwheel.js" from ["src"]...
[32mSuccessfully compiled "resources/public/js/compiled/threejs_figwheel.js" in 0.134 seconds.[0m
notifying browser that file changed:  /threejs_figwheel/core.js
[0mCompiling "resources/public/js/compiled/threejs_figwheel.js" from ["src"]...
[32mSuccessfully compiled "resources/public/js/compiled/threejs_figwheel.js" in 0.147 seconds.[0m
notifying browser that file changed:  /threejs_figwheel/core.js
[0mCompiling "resources/public/js/compiled/threejs_figwheel.js" from ["src"]...
[32mSuccessfully compiled "resources/public/js/compiled/threejs_figwheel.js" in 0.217 seconds.[0m
notifying browser that file changed:  /threejs_figwheel/core.js
[0mCompiling "resources/public/js/compiled/threejs_figwheel.js" from ["src"]...
[32mSuccessfully compiled "resources/public/js/compiled/threejs_figwheel.js" in 0.136 seconds.[0m
notifying browser that file changed:  /threejs_figwheel/core.js
[0mCompiling "resources/public/js/compiled/threejs_figwheel.js" from ["src"]...
WARNING: Use of undeclared Var threejs-figwheel.core/in at line 71 src/threejs_figwheel/core.cljs
[32mSuccessfully compiled "resources/public/js/compiled/threejs_figwheel.js" in 0.142 seconds.[0m
notifying browser that file changed:  /threejs_figwheel/core.js
[0mCompiling "resources/public/js/compiled/threejs_figwheel.js" from ["src"]...
[32mSuccessfully compiled "resources/public/js/compiled/threejs_figwheel.js" in 0.129 seconds.[0m
notifying browser that file changed:  /threejs_figwheel/core.js
[0mCompiling "resources/public/js/compiled/threejs_figwheel.js" from ["src"]...
[32mSuccessfully compiled "resources/public/js/compiled/threejs_figwheel.js" in 0.136 seconds.[0m
notifying browser that file changed:  /threejs_figwheel/core.js
[0mCompiling "resources/public/js/compiled/threejs_figwheel.js" from ["src"]...
[32mSuccessfully compiled "resources/public/js/compiled/threejs_figwheel.js" in 0.133 seconds.[0m
notifying browser that file changed:  /threejs_figwheel/core.js
[0mCompiling "resources/public/js/compiled/threejs_figwheel.js" from ["src"]...
[32mSuccessfully compiled "resources/public/js/compiled/threejs_figwheel.js" in 0.13 seconds.[0m
notifying browser that file changed:  /threejs_figwheel/core.js
[0mCompiling "resources/public/js/compiled/threejs_figwheel.js" from ["src"]...
[32mSuccessfully compiled "resources/public/js/compiled/threejs_figwheel.js" in 0.13 seconds.[0m
notifying browser that file changed:  /threejs_figwheel/core.js
[0mCompiling "resources/public/js/compiled/threejs_figwheel.js" from ["src"]...
[32mSuccessfully compiled "resources/public/js/compiled/threejs_figwheel.js" in 0.126 seconds.[0m
notifying browser that file changed:  /threejs_figwheel/core.js
[0mCompiling "resources/public/js/compiled/threejs_figwheel.js" from ["src"]...
[32mSuccessfully compiled "resources/public/js/compiled/threejs_figwheel.js" in 0.126 seconds.[0m
notifying browser that file changed:  /threejs_figwheel/core.js
[0mCompiling "resources/public/js/compiled/threejs_figwheel.js" from ["src"]...
[32mSuccessfully compiled "resources/public/js/compiled/threejs_figwheel.js" in 0.134 seconds.[0m
notifying browser that file changed:  /threejs_figwheel/core.js
